[0.208s] DEBUG:colcon:Command line arguments: ['/usr/bin/colcon', 'build']
[0.208s] DEBUG:colcon:Parsed command line arguments: Namespace(allow_overriding=[], ament_cmake_args=None, base_paths=['.'], build_base='build', catkin_cmake_args=None, catkin_skip_building_tests=False, cmake_args=None, cmake_clean_cache=False, cmake_clean_first=False, cmake_force_configure=False, cmake_target=None, cmake_target_skip_unavailable=False, continue_on_error=False, event_handlers=None, executor='parallel', ignore_user_meta=False, install_base='install', log_base=None, log_level=None, main=<bound method BuildVerb.main of <colcon_core.verb.build.BuildVerb object at 0x7ff96611c2e0>>, merge_install=False, metas=['./colcon.meta'], mixin=None, mixin_files=None, mixin_verb=('build',), packages_above=None, packages_above_and_dependencies=None, packages_above_depth=None, packages_end=None, packages_ignore=None, packages_ignore_regex=None, packages_select=None, packages_select_build_failed=False, packages_select_by_dep=None, packages_select_regex=None, packages_select_test_failures=False, packages_skip=None, packages_skip_build_finished=False, packages_skip_by_dep=None, packages_skip_regex=None, packages_skip_test_passed=False, packages_skip_up_to=None, packages_start=None, packages_up_to=None, packages_up_to_regex=None, parallel_workers=4, paths=None, symlink_install=False, test_result_base=None, verb_extension=<colcon_core.verb.build.BuildVerb object at 0x7ff96611c2e0>, verb_name='build', verb_parser=<colcon_mixin.mixin.mixin_argument.MixinArgumentDecorator object at 0x7ff96607c580>)
[0.348s] Level 1:colcon.colcon_core.package_discovery:discover_packages(colcon_meta) check parameters
[0.349s] Level 1:colcon.colcon_core.package_discovery:discover_packages(recursive) check parameters
[0.349s] Level 1:colcon.colcon_core.package_discovery:discover_packages(ignore) check parameters
[0.349s] Level 1:colcon.colcon_core.package_discovery:discover_packages(path) check parameters
[0.349s] Level 1:colcon.colcon_core.package_discovery:discover_packages(colcon_meta) discover
[0.349s] Level 1:colcon.colcon_core.package_discovery:discover_packages(recursive) discover
[0.349s] INFO:colcon.colcon_core.package_discovery:Crawling recursively for packages in '/home/cjs/my_ros2_note/ros2_ws'
[0.349s] Level 1:colcon.colcon_core.package_identification:_identify(.) by extensions ['ignore', 'ignore_ament_install']
[0.349s] Level 1:colcon.colcon_core.package_identification:_identify(.) by extension 'ignore'
[0.349s] Level 1:colcon.colcon_core.package_identification:_identify(.) by extension 'ignore_ament_install'
[0.349s] Level 1:colcon.colcon_core.package_identification:_identify(.) by extensions ['colcon_pkg']
[0.349s] Level 1:colcon.colcon_core.package_identification:_identify(.) by extension 'colcon_pkg'
[0.349s] Level 1:colcon.colcon_core.package_identification:_identify(.) by extensions ['colcon_meta']
[0.349s] Level 1:colcon.colcon_core.package_identification:_identify(.) by extension 'colcon_meta'
[0.349s] Level 1:colcon.colcon_core.package_identification:_identify(.) by extensions ['ros']
[0.349s] Level 1:colcon.colcon_core.package_identification:_identify(.) by extension 'ros'
[0.360s] Level 1:colcon.colcon_core.package_identification:_identify(.) by extensions ['cmake', 'python']
[0.360s] Level 1:colcon.colcon_core.package_identification:_identify(.) by extension 'cmake'
[0.360s] Level 1:colcon.colcon_core.package_identification:_identify(.) by extension 'python'
[0.360s] Level 1:colcon.colcon_core.package_identification:_identify(.) by extensions ['python_setup_py']
[0.360s] Level 1:colcon.colcon_core.package_identification:_identify(.) by extension 'python_setup_py'
[0.360s] Level 1:colcon.colcon_core.package_identification:_identify(build) by extensions ['ignore', 'ignore_ament_install']
[0.360s] Level 1:colcon.colcon_core.package_identification:_identify(build) by extension 'ignore'
[0.361s] Level 1:colcon.colcon_core.package_identification:_identify(build) ignored
[0.361s] Level 1:colcon.colcon_core.package_identification:_identify(install) by extensions ['ignore', 'ignore_ament_install']
[0.361s] Level 1:colcon.colcon_core.package_identification:_identify(install) by extension 'ignore'
[0.361s] Level 1:colcon.colcon_core.package_identification:_identify(install) ignored
[0.361s] Level 1:colcon.colcon_core.package_identification:_identify(log) by extensions ['ignore', 'ignore_ament_install']
[0.361s] Level 1:colcon.colcon_core.package_identification:_identify(log) by extension 'ignore'
[0.361s] Level 1:colcon.colcon_core.package_identification:_identify(log) ignored
[0.361s] Level 1:colcon.colcon_core.package_identification:_identify(src) by extensions ['ignore', 'ignore_ament_install']
[0.361s] Level 1:colcon.colcon_core.package_identification:_identify(src) by extension 'ignore'
[0.361s] Level 1:colcon.colcon_core.package_identification:_identify(src) by extension 'ignore_ament_install'
[0.361s] Level 1:colcon.colcon_core.package_identification:_identify(src) by extensions ['colcon_pkg']
[0.361s] Level 1:colcon.colcon_core.package_identification:_identify(src) by extension 'colcon_pkg'
[0.361s] Level 1:colcon.colcon_core.package_identification:_identify(src) by extensions ['colcon_meta']
[0.361s] Level 1:colcon.colcon_core.package_identification:_identify(src) by extension 'colcon_meta'
[0.361s] Level 1:colcon.colcon_core.package_identification:_identify(src) by extensions ['ros']
[0.361s] Level 1:colcon.colcon_core.package_identification:_identify(src) by extension 'ros'
[0.361s] Level 1:colcon.colcon_core.package_identification:_identify(src) by extensions ['cmake', 'python']
[0.361s] Level 1:colcon.colcon_core.package_identification:_identify(src) by extension 'cmake'
[0.361s] Level 1:colcon.colcon_core.package_identification:_identify(src) by extension 'python'
[0.361s] Level 1:colcon.colcon_core.package_identification:_identify(src) by extensions ['python_setup_py']
[0.361s] Level 1:colcon.colcon_core.package_identification:_identify(src) by extension 'python_setup_py'
[0.361s] Level 1:colcon.colcon_core.package_identification:_identify(src/pkg01_helloworld_cpp) by extensions ['ignore', 'ignore_ament_install']
[0.361s] Level 1:colcon.colcon_core.package_identification:_identify(src/pkg01_helloworld_cpp) by extension 'ignore'
[0.361s] Level 1:colcon.colcon_core.package_identification:_identify(src/pkg01_helloworld_cpp) by extension 'ignore_ament_install'
[0.361s] Level 1:colcon.colcon_core.package_identification:_identify(src/pkg01_helloworld_cpp) by extensions ['colcon_pkg']
[0.362s] Level 1:colcon.colcon_core.package_identification:_identify(src/pkg01_helloworld_cpp) by extension 'colcon_pkg'
[0.362s] Level 1:colcon.colcon_core.package_identification:_identify(src/pkg01_helloworld_cpp) by extensions ['colcon_meta']
[0.362s] Level 1:colcon.colcon_core.package_identification:_identify(src/pkg01_helloworld_cpp) by extension 'colcon_meta'
[0.362s] Level 1:colcon.colcon_core.package_identification:_identify(src/pkg01_helloworld_cpp) by extensions ['ros']
[0.362s] Level 1:colcon.colcon_core.package_identification:_identify(src/pkg01_helloworld_cpp) by extension 'ros'
[0.365s] DEBUG:colcon.colcon_core.package_identification:Package 'src/pkg01_helloworld_cpp' with type 'ros.ament_cmake' and name 'pkg01_helloworld_cpp'
[0.365s] Level 1:colcon.colcon_core.package_discovery:discover_packages(recursive) using defaults
[0.365s] Level 1:colcon.colcon_core.package_discovery:discover_packages(ignore) discover
[0.365s] Level 1:colcon.colcon_core.package_discovery:discover_packages(ignore) using defaults
[0.365s] Level 1:colcon.colcon_core.package_discovery:discover_packages(path) discover
[0.365s] Level 1:colcon.colcon_core.package_discovery:discover_packages(path) using defaults
[0.386s] Level 1:colcon.colcon_core.package_discovery:discover_packages(prefix_path) check parameters
[0.386s] Level 1:colcon.colcon_core.package_discovery:discover_packages(prefix_path) discover
[0.390s] DEBUG:colcon.colcon_installed_package_information.package_discovery:Found 256 installed packages in /opt/ros/foxy
[0.391s] Level 1:colcon.colcon_core.package_discovery:discover_packages(prefix_path) using defaults
[0.470s] Level 5:colcon.colcon_core.verb:set package 'pkg01_helloworld_cpp' build argument 'cmake_args' from command line to 'None'
[0.470s] Level 5:colcon.colcon_core.verb:set package 'pkg01_helloworld_cpp' build argument 'cmake_target' from command line to 'None'
[0.470s] Level 5:colcon.colcon_core.verb:set package 'pkg01_helloworld_cpp' build argument 'cmake_target_skip_unavailable' from command line to 'False'
[0.470s] Level 5:colcon.colcon_core.verb:set package 'pkg01_helloworld_cpp' build argument 'cmake_clean_cache' from command line to 'False'
[0.470s] Level 5:colcon.colcon_core.verb:set package 'pkg01_helloworld_cpp' build argument 'cmake_clean_first' from command line to 'False'
[0.470s] Level 5:colcon.colcon_core.verb:set package 'pkg01_helloworld_cpp' build argument 'cmake_force_configure' from command line to 'False'
[0.470s] Level 5:colcon.colcon_core.verb:set package 'pkg01_helloworld_cpp' build argument 'ament_cmake_args' from command line to 'None'
[0.470s] Level 5:colcon.colcon_core.verb:set package 'pkg01_helloworld_cpp' build argument 'catkin_cmake_args' from command line to 'None'
[0.470s] Level 5:colcon.colcon_core.verb:set package 'pkg01_helloworld_cpp' build argument 'catkin_skip_building_tests' from command line to 'False'
[0.470s] DEBUG:colcon.colcon_core.verb:Building package 'pkg01_helloworld_cpp' with the following arguments: {'ament_cmake_args': None, 'build_base': '/home/cjs/my_ros2_note/ros2_ws/build/pkg01_helloworld_cpp', 'catkin_cmake_args': None, 'catkin_skip_building_tests': False, 'cmake_args': None, 'cmake_clean_cache': False, 'cmake_clean_first': False, 'cmake_force_configure': False, 'cmake_target': None, 'cmake_target_skip_unavailable': False, 'install_base': '/home/cjs/my_ros2_note/ros2_ws/install/pkg01_helloworld_cpp', 'merge_install': False, 'path': '/home/cjs/my_ros2_note/ros2_ws/src/pkg01_helloworld_cpp', 'symlink_install': False, 'test_result_base': None}
[0.471s] INFO:colcon.colcon_core.executor:Executing jobs using 'parallel' executor
[0.472s] DEBUG:colcon.colcon_parallel_executor.executor.parallel:run_until_complete
[0.472s] INFO:colcon.colcon_ros.task.ament_cmake.build:Building ROS package in '/home/cjs/my_ros2_note/ros2_ws/src/pkg01_helloworld_cpp' with build type 'ament_cmake'
[0.472s] INFO:colcon.colcon_cmake.task.cmake.build:Building CMake package in '/home/cjs/my_ros2_note/ros2_ws/src/pkg01_helloworld_cpp'
[0.476s] INFO:colcon.colcon_core.plugin_system:Skipping extension 'colcon_core.shell.bat': Not used on non-Windows systems
[0.476s] INFO:colcon.colcon_core.shell:Skip shell extension 'powershell' for command environment: Not usable outside of PowerShell
[0.476s] DEBUG:colcon.colcon_core.shell:Skip shell extension 'dsv' for command environment
[0.487s] DEBUG:colcon.colcon_core.event_handler.log_command:Invoking command in '/home/cjs/my_ros2_note/ros2_ws/build/pkg01_helloworld_cpp': CMAKE_PREFIX_PATH=/opt/ros/foxy /usr/bin/cmake /home/cjs/my_ros2_note/ros2_ws/src/pkg01_helloworld_cpp -DCMAKE_INSTALL_PREFIX=/home/cjs/my_ros2_note/ros2_ws/install/pkg01_helloworld_cpp
[2.427s] DEBUG:colcon.colcon_core.event_handler.log_command:Invoked command in '/home/cjs/my_ros2_note/ros2_ws/build/pkg01_helloworld_cpp' returned '0': CMAKE_PREFIX_PATH=/opt/ros/foxy /usr/bin/cmake /home/cjs/my_ros2_note/ros2_ws/src/pkg01_helloworld_cpp -DCMAKE_INSTALL_PREFIX=/home/cjs/my_ros2_note/ros2_ws/install/pkg01_helloworld_cpp
[2.431s] DEBUG:colcon.colcon_core.event_handler.log_command:Invoking command in '/home/cjs/my_ros2_note/ros2_ws/build/pkg01_helloworld_cpp': CMAKE_PREFIX_PATH=/opt/ros/foxy /usr/bin/cmake --build /home/cjs/my_ros2_note/ros2_ws/build/pkg01_helloworld_cpp -- -j4 -l4
[4.128s] DEBUG:colcon.colcon_core.event_handler.log_command:Invoked command in '/home/cjs/my_ros2_note/ros2_ws/build/pkg01_helloworld_cpp' returned '0': CMAKE_PREFIX_PATH=/opt/ros/foxy /usr/bin/cmake --build /home/cjs/my_ros2_note/ros2_ws/build/pkg01_helloworld_cpp -- -j4 -l4
[4.177s] DEBUG:colcon.colcon_core.event_handler.log_command:Invoking command in '/home/cjs/my_ros2_note/ros2_ws/build/pkg01_helloworld_cpp': CMAKE_PREFIX_PATH=/opt/ros/foxy /usr/bin/cmake --install /home/cjs/my_ros2_note/ros2_ws/build/pkg01_helloworld_cpp
[4.191s] Level 1:colcon.colcon_core.environment:create_environment_scripts_only(pkg01_helloworld_cpp)
[4.191s] DEBUG:colcon.colcon_core.event_handler.log_command:Invoked command in '/home/cjs/my_ros2_note/ros2_ws/build/pkg01_helloworld_cpp' returned '0': CMAKE_PREFIX_PATH=/opt/ros/foxy /usr/bin/cmake --install /home/cjs/my_ros2_note/ros2_ws/build/pkg01_helloworld_cpp
[4.199s] Level 1:colcon.colcon_core.environment:checking '/home/cjs/my_ros2_note/ros2_ws/install/pkg01_helloworld_cpp' for CMake module files
[4.200s] Level 1:colcon.colcon_core.environment:checking '/home/cjs/my_ros2_note/ros2_ws/install/pkg01_helloworld_cpp' for CMake config files
[4.200s] Level 1:colcon.colcon_core.shell:create_environment_hook('pkg01_helloworld_cpp', 'cmake_prefix_path')
[4.200s] INFO:colcon.colcon_core.shell:Creating environment hook '/home/cjs/my_ros2_note/ros2_ws/install/pkg01_helloworld_cpp/share/pkg01_helloworld_cpp/hook/cmake_prefix_path.ps1'
[4.202s] INFO:colcon.colcon_core.shell:Creating environment descriptor '/home/cjs/my_ros2_note/ros2_ws/install/pkg01_helloworld_cpp/share/pkg01_helloworld_cpp/hook/cmake_prefix_path.dsv'
[4.203s] INFO:colcon.colcon_core.shell:Creating environment hook '/home/cjs/my_ros2_note/ros2_ws/install/pkg01_helloworld_cpp/share/pkg01_helloworld_cpp/hook/cmake_prefix_path.sh'
[4.205s] Level 1:colcon.colcon_core.environment:checking '/home/cjs/my_ros2_note/ros2_ws/install/pkg01_helloworld_cpp/lib'
[4.205s] Level 1:colcon.colcon_core.environment:checking '/home/cjs/my_ros2_note/ros2_ws/install/pkg01_helloworld_cpp/bin'
[4.205s] Level 1:colcon.colcon_core.environment:checking '/home/cjs/my_ros2_note/ros2_ws/install/pkg01_helloworld_cpp/lib/pkgconfig/pkg01_helloworld_cpp.pc'
[4.205s] Level 1:colcon.colcon_core.environment:checking '/home/cjs/my_ros2_note/ros2_ws/install/pkg01_helloworld_cpp/lib/python3.8/site-packages'
[4.206s] Level 1:colcon.colcon_core.environment:checking '/home/cjs/my_ros2_note/ros2_ws/install/pkg01_helloworld_cpp/bin'
[4.206s] INFO:colcon.colcon_core.shell:Creating package script '/home/cjs/my_ros2_note/ros2_ws/install/pkg01_helloworld_cpp/share/pkg01_helloworld_cpp/package.ps1'
[4.208s] INFO:colcon.colcon_core.shell:Creating package descriptor '/home/cjs/my_ros2_note/ros2_ws/install/pkg01_helloworld_cpp/share/pkg01_helloworld_cpp/package.dsv'
[4.209s] INFO:colcon.colcon_core.shell:Creating package script '/home/cjs/my_ros2_note/ros2_ws/install/pkg01_helloworld_cpp/share/pkg01_helloworld_cpp/package.sh'
[4.210s] INFO:colcon.colcon_core.shell:Creating package script '/home/cjs/my_ros2_note/ros2_ws/install/pkg01_helloworld_cpp/share/pkg01_helloworld_cpp/package.bash'
[4.211s] INFO:colcon.colcon_core.shell:Creating package script '/home/cjs/my_ros2_note/ros2_ws/install/pkg01_helloworld_cpp/share/pkg01_helloworld_cpp/package.zsh'
[4.212s] Level 1:colcon.colcon_core.environment:create_file_with_runtime_dependencies(/home/cjs/my_ros2_note/ros2_ws/install/pkg01_helloworld_cpp/share/colcon-core/packages/pkg01_helloworld_cpp)
[4.250s] Level 1:colcon.colcon_core.environment:create_environment_scripts_only(pkg01_helloworld_cpp)
[4.250s] Level 1:colcon.colcon_core.environment:checking '/home/cjs/my_ros2_note/ros2_ws/install/pkg01_helloworld_cpp' for CMake module files
[4.251s] Level 1:colcon.colcon_core.environment:checking '/home/cjs/my_ros2_note/ros2_ws/install/pkg01_helloworld_cpp' for CMake config files
[4.252s] Level 1:colcon.colcon_core.shell:create_environment_hook('pkg01_helloworld_cpp', 'cmake_prefix_path')
[4.252s] INFO:colcon.colcon_core.shell:Creating environment hook '/home/cjs/my_ros2_note/ros2_ws/install/pkg01_helloworld_cpp/share/pkg01_helloworld_cpp/hook/cmake_prefix_path.ps1'
[4.253s] INFO:colcon.colcon_core.shell:Creating environment descriptor '/home/cjs/my_ros2_note/ros2_ws/install/pkg01_helloworld_cpp/share/pkg01_helloworld_cpp/hook/cmake_prefix_path.dsv'
[4.254s] INFO:colcon.colcon_core.shell:Creating environment hook '/home/cjs/my_ros2_note/ros2_ws/install/pkg01_helloworld_cpp/share/pkg01_helloworld_cpp/hook/cmake_prefix_path.sh'
[4.255s] Level 1:colcon.colcon_core.environment:checking '/home/cjs/my_ros2_note/ros2_ws/install/pkg01_helloworld_cpp/lib'
[4.256s] Level 1:colcon.colcon_core.environment:checking '/home/cjs/my_ros2_note/ros2_ws/install/pkg01_helloworld_cpp/bin'
[4.256s] Level 1:colcon.colcon_core.environment:checking '/home/cjs/my_ros2_note/ros2_ws/install/pkg01_helloworld_cpp/lib/pkgconfig/pkg01_helloworld_cpp.pc'
[4.256s] Level 1:colcon.colcon_core.environment:checking '/home/cjs/my_ros2_note/ros2_ws/install/pkg01_helloworld_cpp/lib/python3.8/site-packages'
[4.256s] Level 1:colcon.colcon_core.environment:checking '/home/cjs/my_ros2_note/ros2_ws/install/pkg01_helloworld_cpp/bin'
[4.257s] INFO:colcon.colcon_core.shell:Creating package script '/home/cjs/my_ros2_note/ros2_ws/install/pkg01_helloworld_cpp/share/pkg01_helloworld_cpp/package.ps1'
[4.257s] INFO:colcon.colcon_core.shell:Creating package descriptor '/home/cjs/my_ros2_note/ros2_ws/install/pkg01_helloworld_cpp/share/pkg01_helloworld_cpp/package.dsv'
[4.258s] INFO:colcon.colcon_core.shell:Creating package script '/home/cjs/my_ros2_note/ros2_ws/install/pkg01_helloworld_cpp/share/pkg01_helloworld_cpp/package.sh'
[4.258s] INFO:colcon.colcon_core.shell:Creating package script '/home/cjs/my_ros2_note/ros2_ws/install/pkg01_helloworld_cpp/share/pkg01_helloworld_cpp/package.bash'
[4.259s] INFO:colcon.colcon_core.shell:Creating package script '/home/cjs/my_ros2_note/ros2_ws/install/pkg01_helloworld_cpp/share/pkg01_helloworld_cpp/package.zsh'
[4.259s] Level 1:colcon.colcon_core.environment:create_file_with_runtime_dependencies(/home/cjs/my_ros2_note/ros2_ws/install/pkg01_helloworld_cpp/share/colcon-core/packages/pkg01_helloworld_cpp)
[4.260s] DEBUG:colcon.colcon_parallel_executor.executor.parallel:closing loop
[4.260s] DEBUG:colcon.colcon_parallel_executor.executor.parallel:loop closed
[4.260s] DEBUG:colcon.colcon_parallel_executor.executor.parallel:run_until_complete finished with '0'
[4.261s] DEBUG:colcon.colcon_core.event_reactor:joining thread
[4.276s] INFO:colcon.colcon_core.plugin_system:Skipping extension 'colcon_notification.desktop_notification.terminal_notifier': Not used on non-Darwin systems
[4.276s] INFO:colcon.colcon_core.plugin_system:Skipping extension 'colcon_notification.desktop_notification.win32': Not used on non-Windows systems
[4.276s] INFO:colcon.colcon_notification.desktop_notification:Sending desktop notification using 'notify2'
[4.367s] DEBUG:colcon.colcon_core.event_reactor:joined thread
[4.368s] INFO:colcon.colcon_core.shell:Creating prefix script '/home/cjs/my_ros2_note/ros2_ws/install/local_setup.ps1'
[4.369s] INFO:colcon.colcon_core.shell:Creating prefix util module '/home/cjs/my_ros2_note/ros2_ws/install/_local_setup_util_ps1.py'
[4.371s] INFO:colcon.colcon_core.shell:Creating prefix chain script '/home/cjs/my_ros2_note/ros2_ws/install/setup.ps1'
[4.372s] INFO:colcon.colcon_core.shell:Creating prefix script '/home/cjs/my_ros2_note/ros2_ws/install/local_setup.sh'
[4.373s] INFO:colcon.colcon_core.shell:Creating prefix util module '/home/cjs/my_ros2_note/ros2_ws/install/_local_setup_util_sh.py'
[4.374s] INFO:colcon.colcon_core.shell:Creating prefix chain script '/home/cjs/my_ros2_note/ros2_ws/install/setup.sh'
[4.375s] INFO:colcon.colcon_core.shell:Creating prefix script '/home/cjs/my_ros2_note/ros2_ws/install/local_setup.bash'
[4.376s] INFO:colcon.colcon_core.shell:Creating prefix chain script '/home/cjs/my_ros2_note/ros2_ws/install/setup.bash'
[4.377s] INFO:colcon.colcon_core.shell:Creating prefix script '/home/cjs/my_ros2_note/ros2_ws/install/local_setup.zsh'
[4.378s] INFO:colcon.colcon_core.shell:Creating prefix chain script '/home/cjs/my_ros2_note/ros2_ws/install/setup.zsh'
