[0.014s] Invoking command in '/home/cjs/my_ros2_note/ros2_ws/build/pkg01_helloworld_cpp': CMAKE_PREFIX_PATH=/opt/ros/foxy /usr/bin/cmake /home/cjs/my_ros2_note/ros2_ws/src/pkg01_helloworld_cpp -DCMAKE_INSTALL_PREFIX=/home/cjs/my_ros2_note/ros2_ws/install/pkg01_helloworld_cpp
[0.169s] -- The C compiler identification is GNU 9.4.0
[0.270s] -- The CXX compiler identification is GNU 9.4.0
[0.282s] -- Check for working C compiler: /usr/bin/cc
[0.378s] -- Check for working C compiler: /usr/bin/cc -- works
[0.382s] -- Detecting C compiler ABI info
[0.472s] -- Detecting C compiler ABI info - done
[0.483s] -- Detecting C compile features
[0.484s] -- Detecting C compile features - done
[0.488s] -- Check for working CXX compiler: /usr/bin/c++
[0.579s] -- Check for working CXX compiler: /usr/bin/c++ -- works
[0.580s] -- Detecting CXX compiler ABI info
[0.673s] -- Detecting CXX compiler ABI info - done
[0.682s] -- Detecting CXX compile features
[0.683s] -- Detecting CXX compile features - done
[0.694s] -- Found ament_cmake: 0.9.12 (/opt/ros/foxy/share/ament_cmake/cmake)
[0.725s] -- Found PythonInterp: /usr/bin/python3 (found suitable version "3.8.10", minimum required is "3") 
[0.725s] -- Using PYTHON_EXECUTABLE: /usr/bin/python3
[0.917s] -- Found rclcpp: 2.4.3 (/opt/ros/foxy/share/rclcpp/cmake)
[0.988s] -- Using all available rosidl_typesupport_c: rosidl_typesupport_fastrtps_c;rosidl_typesupport_introspection_c
[0.998s] -- Found rosidl_adapter: 1.3.1 (/opt/ros/foxy/share/rosidl_adapter/cmake)
[1.118s] -- Found OpenSSL: /usr/lib/x86_64-linux-gnu/libcrypto.so (found version "1.1.1f")  
[1.153s] -- Found FastRTPS: /opt/ros/foxy/include  
[1.257s] -- Using all available rosidl_typesupport_cpp: rosidl_typesupport_fastrtps_cpp;rosidl_typesupport_introspection_cpp
[1.327s] -- Found rmw_implementation_cmake: 1.0.4 (/opt/ros/foxy/share/rmw_implementation_cmake/cmake)
[1.332s] -- Using RMW implementation 'rmw_fastrtps_cpp' as default
[1.334s] -- Looking for pthread.h
[1.413s] -- Looking for pthread.h - found
[1.413s] -- Performing Test CMAKE_HAVE_LIBC_PTHREAD
[1.499s] -- Performing Test CMAKE_HAVE_LIBC_PTHREAD - Failed
[1.499s] -- Looking for pthread_create in pthreads
[1.582s] -- Looking for pthread_create in pthreads - not found
[1.582s] -- Looking for pthread_create in pthread
[1.665s] -- Looking for pthread_create in pthread - found
[1.665s] -- Found Threads: TRUE  
[1.837s] -- Found ament_lint_auto: 0.9.8 (/opt/ros/foxy/share/ament_lint_auto/cmake)
[1.920s] -- Added test 'copyright' to check source files copyright and LICENSE
[1.922s] -- Added test 'cppcheck' to perform static code analysis on C / C++ code
[1.922s] -- Configured cppcheck include dirs: $<BUILD_INTERFACE:/home/cjs/my_ros2_note/ros2_ws/src/pkg01_helloworld_cpp/include>
[1.922s] -- Configured cppcheck exclude dirs and/or files: 
[1.924s] -- Added test 'cpplint' to check C / C++ code against the Google style
[1.924s] -- Configured cpplint exclude dirs and/or files: 
[1.925s] -- Added test 'lint_cmake' to check CMake code style
[1.927s] -- Added test 'uncrustify' to check C / C++ code style
[1.927s] -- Configured uncrustify additional arguments: 
[1.928s] -- Added test 'xmllint' to check XML markup files
[1.933s] -- Configuring done
[1.940s] -- Generating done
[1.942s] -- Build files have been written to: /home/cjs/my_ros2_note/ros2_ws/build/pkg01_helloworld_cpp
[1.954s] Invoked command in '/home/cjs/my_ros2_note/ros2_ws/build/pkg01_helloworld_cpp' returned '0': CMAKE_PREFIX_PATH=/opt/ros/foxy /usr/bin/cmake /home/cjs/my_ros2_note/ros2_ws/src/pkg01_helloworld_cpp -DCMAKE_INSTALL_PREFIX=/home/cjs/my_ros2_note/ros2_ws/install/pkg01_helloworld_cpp
[1.958s] Invoking command in '/home/cjs/my_ros2_note/ros2_ws/build/pkg01_helloworld_cpp': CMAKE_PREFIX_PATH=/opt/ros/foxy /usr/bin/cmake --build /home/cjs/my_ros2_note/ros2_ws/build/pkg01_helloworld_cpp -- -j4 -l4
[2.000s] [35m[1mScanning dependencies of target helloworld[0m
[2.058s] [ 50%] [32mBuilding CXX object CMakeFiles/helloworld.dir/src/helloworld.cpp.o[0m
[3.470s] [100%] [32m[1mLinking CXX executable helloworld[0m
[3.639s] [100%] Built target helloworld
[3.655s] Invoked command in '/home/cjs/my_ros2_note/ros2_ws/build/pkg01_helloworld_cpp' returned '0': CMAKE_PREFIX_PATH=/opt/ros/foxy /usr/bin/cmake --build /home/cjs/my_ros2_note/ros2_ws/build/pkg01_helloworld_cpp -- -j4 -l4
[3.704s] Invoking command in '/home/cjs/my_ros2_note/ros2_ws/build/pkg01_helloworld_cpp': CMAKE_PREFIX_PATH=/opt/ros/foxy /usr/bin/cmake --install /home/cjs/my_ros2_note/ros2_ws/build/pkg01_helloworld_cpp
[3.712s] -- Install configuration: ""
[3.712s] -- Installing: /home/cjs/my_ros2_note/ros2_ws/install/pkg01_helloworld_cpp/lib/pkg01_helloworld_cpp/helloworld
[3.713s] -- Set runtime path of "/home/cjs/my_ros2_note/ros2_ws/install/pkg01_helloworld_cpp/lib/pkg01_helloworld_cpp/helloworld" to ""
[3.713s] -- Installing: /home/cjs/my_ros2_note/ros2_ws/install/pkg01_helloworld_cpp/share/ament_index/resource_index/package_run_dependencies/pkg01_helloworld_cpp
[3.713s] -- Installing: /home/cjs/my_ros2_note/ros2_ws/install/pkg01_helloworld_cpp/share/ament_index/resource_index/parent_prefix_path/pkg01_helloworld_cpp
[3.714s] -- Installing: /home/cjs/my_ros2_note/ros2_ws/install/pkg01_helloworld_cpp/share/pkg01_helloworld_cpp/environment/ament_prefix_path.sh
[3.714s] -- Installing: /home/cjs/my_ros2_note/ros2_ws/install/pkg01_helloworld_cpp/share/pkg01_helloworld_cpp/environment/ament_prefix_path.dsv
[3.714s] -- Installing: /home/cjs/my_ros2_note/ros2_ws/install/pkg01_helloworld_cpp/share/pkg01_helloworld_cpp/environment/path.sh
[3.714s] -- Installing: /home/cjs/my_ros2_note/ros2_ws/install/pkg01_helloworld_cpp/share/pkg01_helloworld_cpp/environment/path.dsv
[3.715s] -- Installing: /home/cjs/my_ros2_note/ros2_ws/install/pkg01_helloworld_cpp/share/pkg01_helloworld_cpp/local_setup.bash
[3.717s] -- Installing: /home/cjs/my_ros2_note/ros2_ws/install/pkg01_helloworld_cpp/share/pkg01_helloworld_cpp/local_setup.sh
[3.717s] -- Installing: /home/cjs/my_ros2_note/ros2_ws/install/pkg01_helloworld_cpp/share/pkg01_helloworld_cpp/local_setup.zsh
[3.717s] -- Installing: /home/cjs/my_ros2_note/ros2_ws/install/pkg01_helloworld_cpp/share/pkg01_helloworld_cpp/local_setup.dsv
[3.717s] -- Installing: /home/cjs/my_ros2_note/ros2_ws/install/pkg01_helloworld_cpp/share/pkg01_helloworld_cpp/package.dsv
[3.717s] -- Installing: /home/cjs/my_ros2_note/ros2_ws/install/pkg01_helloworld_cpp/share/ament_index/resource_index/packages/pkg01_helloworld_cpp
[3.717s] -- Installing: /home/cjs/my_ros2_note/ros2_ws/install/pkg01_helloworld_cpp/share/pkg01_helloworld_cpp/cmake/pkg01_helloworld_cppConfig.cmake
[3.717s] -- Installing: /home/cjs/my_ros2_note/ros2_ws/install/pkg01_helloworld_cpp/share/pkg01_helloworld_cpp/cmake/pkg01_helloworld_cppConfig-version.cmake
[3.717s] -- Installing: /home/cjs/my_ros2_note/ros2_ws/install/pkg01_helloworld_cpp/share/pkg01_helloworld_cpp/package.xml
[3.719s] Invoked command in '/home/cjs/my_ros2_note/ros2_ws/build/pkg01_helloworld_cpp' returned '0': CMAKE_PREFIX_PATH=/opt/ros/foxy /usr/bin/cmake --install /home/cjs/my_ros2_note/ros2_ws/build/pkg01_helloworld_cpp
